<?xml version="1.0" encoding="UTF-8"?>
<!-- Generated by org.testng.reporters.JUnitReportReporter -->
<testsuite hostname="suriya" failures="0" tests="1" name="Selenium.Task1" time="6.593" errors="0" timestamp="2023-12-10T18:58:42 IST" skipped="0">
  <testcase classname="Selenium.Task1" name="test" time="6.593"/>
  <system-out/>
</testsuite> <!-- Selenium.Task1 -->
