<?xml version="1.0" encoding="UTF-8"?>
<!-- Generated by org.testng.reporters.JUnitReportReporter -->
<testsuite hostname="suriya" failures="0" tests="2" name="CroseeBrowser.testcase" time="1.222" errors="0" timestamp="2023-12-18T23:24:17 IST" skipped="0">
  <testcase classname="CroseeBrowser.testcase" name="testCase" time="0.587"/>
  <system-out/>
  <testcase classname="CroseeBrowser.testcase" name="testCase" time="0.635"/>
  <system-out/>
</testsuite> <!-- CroseeBrowser.testcase -->
